[ftok][remote] workdir=/home/srinivasr/Research/Honors
[ftok][remote] python=/home/srinivasr/Research/gemma-rescue-study/.venv/bin/python
[14:17:42] Running first-token competition audit: model=1b pair=aksharantar_hin_latin n_icl=64
[core] Model loaded via AutoModelForCausalLM: google/gemma-3-1b-it | tokenizer=GemmaTokenizerFast
[14:17:48] [1/30] 1b aksharantar_hin_latin 64 :: aaegi -> आएगी
[14:17:51] [10/30] 1b aksharantar_hin_latin 64 :: aagyakarita -> आज्ञाकारिता
[14:17:52] [20/30] 1b aksharantar_hin_latin 64 :: aadheya -> आधेय
[14:17:53] [30/30] 1b aksharantar_hin_latin 64 :: aadhika -> आधिका
[14:17:54] Running first-token competition audit: model=1b pair=aksharantar_tel_latin n_icl=64
[14:17:54] [1/30] 1b aksharantar_tel_latin 64 :: aadaallameeda -> ఆడాళ్ళమీద
[14:17:55] [10/30] 1b aksharantar_tel_latin 64 :: aadaayamloonuu -> ఆదాయంలోనూ
[14:17:56] [20/30] 1b aksharantar_tel_latin 64 :: aacharinchaake -> ఆచరించాకే
[14:17:58] [30/30] 1b aksharantar_tel_latin 64 :: aacharinchaalsina -> ఆచరించాల్సిన
[14:17:58] Running first-token competition audit: model=4b pair=aksharantar_tel_latin n_icl=64
[core] Model loaded via AutoModelForCausalLM: google/gemma-3-4b-it | tokenizer=GemmaTokenizerFast
[14:18:04] [1/30] 4b aksharantar_tel_latin 64 :: aadaallameeda -> ఆడాళ్ళమీద
[14:18:06] [10/30] 4b aksharantar_tel_latin 64 :: aadaayamloonuu -> ఆదాయంలోనూ
[14:18:08] [20/30] 4b aksharantar_tel_latin 64 :: aacharinchaake -> ఆచరించాకే
[14:18:10] [30/30] 4b aksharantar_tel_latin 64 :: aacharinchaalsina -> ఆచరించాల్సిన
[14:18:10] Saved: /home/srinivasr/Research/Honors/research/results/autoresearch/first_token_competition_v1/summary.json
